<?xml version="1.0" encoding="UTF-8"?>
<!-- Generated by org.testng.reporters.JUnitReportReporter -->
<testsuite skipped="0" hostname="LAPTOP-AKU8L8FO" name="AutiomationFrameWorkTestCasesProjectTestcases.ValidLoginCredentialsTestcase" tests="1" failures="0" timestamp="2021-05-27T13:21:54 IST" time="5.720" errors="0">
  <testcase name="TestLoginWithValidCrdentials" time="5.720" classname="AutiomationFrameWorkTestCasesProjectTestcases.ValidLoginCredentialsTestcase"/>
  <system-out/>
</testsuite> <!-- AutiomationFrameWorkTestCasesProjectTestcases.ValidLoginCredentialsTestcase -->
