<?xml version="1.0" encoding="UTF-8"?>
<!-- Generated by org.testng.reporters.JUnitReportReporter -->
<testsuite skipped="0" hostname="LAPTOP-AKU8L8FO" name="AutiomationFrameWorkTestCasesProjectTestcases.InvalidLoginTestCases" tests="4" failures="0" timestamp="2021-05-31T10:01:36 IST" time="2.166" errors="0">
  <testcase name="TestLoginWithInValidCrdentials" time="0.328" classname="AutiomationFrameWorkTestCasesProjectTestcases.InvalidLoginTestCases"/>
  <system-out/>
  <testcase name="TestLoginWithInValidCrdentials" time="0.420" classname="AutiomationFrameWorkTestCasesProjectTestcases.InvalidLoginTestCases"/>
  <system-out/>
  <testcase name="TestLoginWithInValidCrdentials" time="1.144" classname="AutiomationFrameWorkTestCasesProjectTestcases.InvalidLoginTestCases"/>
  <system-out/>
  <testcase name="TestLoginWithInValidCrdentials" time="0.274" classname="AutiomationFrameWorkTestCasesProjectTestcases.InvalidLoginTestCases"/>
  <system-out/>
</testsuite> <!-- AutiomationFrameWorkTestCasesProjectTestcases.InvalidLoginTestCases -->
